@timeit : starting 'main' 
updating subtrees
@timeit : starting 'get_sections_dict' 
@timeit : starting 'get_github_url_list' 
'get_github_url_list' 0.000266075 (sec)
@timeit : starting 'get_github_url_list' 
'get_github_url_list' 9.20296e-05 (sec)
@timeit : starting 'get_github_url_list' 
'get_github_url_list' 9.20296e-05 (sec)
@timeit : starting 'get_github_url_list' 
'get_github_url_list' 8.2016e-05 (sec)
@timeit : starting 'get_github_url_list' 
'get_github_url_list' 7.70092e-05 (sec)
@timeit : starting 'get_github_url_list' 
'get_github_url_list' 8.08239e-05 (sec)
@timeit : starting 'get_github_url_list' 
'get_github_url_list' 7.67708e-05 (sec)
'get_sections_dict' 0.00273514 (sec)
@timeit : starting 'transpose_dict' 
'transpose_dict' 0.0031569 (sec)
@timeit : starting 'init_or_update_umbrella_repos' 
subtree pull
Already up-to-date.

From https://github.com/ECA18B/eca18b-nmisp-60-ljk941219
 * branch            master     -> FETCH_HEAD

subtree pull
Already up-to-date.

From https://github.com/ECA18B/eca18b-nmisp-00-ljk941219
 * branch            master     -> FETCH_HEAD

subtree pull
Already up-to-date.

From https://github.com/ECA18B/eca18b-nmisp-01-ljk941219
 * branch            master     -> FETCH_HEAD

subtree pull
Already up-to-date.

From https://github.com/ECA18B/eca18b-nmisp-20-ljk941219
 * branch            master     -> FETCH_HEAD

subtree pull
Already up-to-date.

From https://github.com/ECA18B/eca18b-nmisp-30-ljk941219
 * branch            master     -> FETCH_HEAD

subtree pull
Already up-to-date.

From https://github.com/ECA18B/eca18b-nmisp-40-ljk941219
 * branch            master     -> FETCH_HEAD

subtree pull
Already up-to-date.

From https://github.com/ECA18B/eca18c-nmisp-50-ljk941219
 * branch            master     -> FETCH_HEAD

subtree pull
Already up-to-date.

From https://github.com/ECA18B/eca18b-nmisp-60-JYK1446
 * branch            master     -> FETCH_HEAD

subtree pull
Already up-to-date.

From https://github.com/ECA18B/eca18b-nmisp-00-JYK1446
 * branch            master     -> FETCH_HEAD

subtree pull
Already up-to-date.

From https://github.com/ECA18B/eca18b-nmisp-01-JYK1446
 * branch            master     -> FETCH_HEAD

subtree pull
Already up-to-date.

From https://github.com/ECA18B/eca18b-nmisp-20-JYK1446
 * branch            master     -> FETCH_HEAD

subtree pull
Already up-to-date.

From https://github.com/ECA18B/eca18b-nmisp-30-JYK1446
 * branch            master     -> FETCH_HEAD

subtree pull
Already up-to-date.

From https://github.com/ECA18B/eca18b-nmisp-40-JYK1446
 * branch            master     -> FETCH_HEAD

subtree pull
Already up-to-date.

From https://github.com/ECA18B/eca18c-nmisp-50-JYK1446
 * branch            master     -> FETCH_HEAD

subtree pull
Already up-to-date.

From https://github.com/ECA18B/eca18b-nmisp-60-suntakkweon
 * branch            master     -> FETCH_HEAD

subtree pull
Already up-to-date.

From https://github.com/ECA18B/eca18b-nmisp-00-suntakkweon
 * branch            master     -> FETCH_HEAD

subtree pull
Already up-to-date.

From https://github.com/ECA18B/eca18b-nmisp-01-suntakkweon
 * branch            master     -> FETCH_HEAD

subtree pull
Already up-to-date.

From https://github.com/ECA18B/eca18b-nmisp-20-suntakkweon
 * branch            master     -> FETCH_HEAD

subtree pull
Already up-to-date.

From https://github.com/ECA18B/eca18b-nmisp-30-suntakkweon
 * branch            master     -> FETCH_HEAD

subtree pull
Already up-to-date.

From https://github.com/ECA18B/eca18b-nmisp-40-suntakkweon
 * branch            master     -> FETCH_HEAD

subtree pull
Already up-to-date.

From https://github.com/ECA18B/eca18b-nmisp-50-suntakkweon
 * branch            master     -> FETCH_HEAD

subtree pull
Already up-to-date.

From https://github.com/ECA18B/eca18b-nmisp-60-inhovation37
 * branch            master     -> FETCH_HEAD

subtree pull
Already up-to-date.

From https://github.com/ECA18B/eca18b-nmisp-00-inhovation37
 * branch            master     -> FETCH_HEAD

subtree pull
Already up-to-date.

From https://github.com/ECA18B/eca18b-nmisp-01-inhovation37
 * branch            master     -> FETCH_HEAD

subtree pull
Already up-to-date.

From https://github.com/ECA18B/eca18b-nmisp-20-inhovation37
 * branch            master     -> FETCH_HEAD

subtree pull
Already up-to-date.

From https://github.com/ECA18B/eca18b-nmisp-30-inhovation37
 * branch            master     -> FETCH_HEAD

subtree pull
Already up-to-date.

From https://github.com/ECA18B/eca18b-nmisp-40-inhovation37
 * branch            master     -> FETCH_HEAD

subtree pull
Already up-to-date.

From https://github.com/ECA18B/eca18b-nmisp-50-inhovation37
 * branch            master     -> FETCH_HEAD

subtree pull
Already up-to-date.

From https://github.com/ECA18B/eca18b-nmisp-00-ohbongkwon
 * branch            master     -> FETCH_HEAD

subtree pull
Already up-to-date.

From https://github.com/ECA18B/eca18b-nmisp-01-ohbongkwon
 * branch            master     -> FETCH_HEAD

subtree pull
Already up-to-date.

From https://github.com/ECA18B/eca18b-nmisp-20-ohbongkwon
 * branch            master     -> FETCH_HEAD

subtree pull
Already up-to-date.

From https://github.com/ECA18B/eca18b-nmisp-30-ohbongkwon
 * branch            master     -> FETCH_HEAD

subtree pull
Already up-to-date.

From https://github.com/ECA18B/eca18b-nmisp-00-rlaehdwn66
 * branch            master     -> FETCH_HEAD

subtree pull
Already up-to-date.

From https://github.com/ECA18B/eca18b-nmisp-01-rlaehdwn66
 * branch            master     -> FETCH_HEAD

subtree pull
Already up-to-date.

From https://github.com/ECA18B/eca18b-nmisp-60-ChoHyeonDeok
 * branch            master     -> FETCH_HEAD

subtree pull
Already up-to-date.

From https://github.com/ECA18B/eca18b-nmisp-00-ChoHyeonDeok
 * branch            master     -> FETCH_HEAD

subtree pull
Already up-to-date.

From https://github.com/ECA18B/eca18b-nmisp-01-ChoHyeonDeok
 * branch            master     -> FETCH_HEAD

subtree pull
Already up-to-date.

From https://github.com/ECA18B/eca18b-nmisp-20-ChoHyeonDeok
 * branch            master     -> FETCH_HEAD

subtree pull
Already up-to-date.

From https://github.com/ECA18B/eca18b-nmisp-30-ChoHyeonDeok
 * branch            master     -> FETCH_HEAD

subtree pull
Already up-to-date.

From https://github.com/ECA18B/eca18b-nmisp-40-ChoHyeonDeok
 * branch            master     -> FETCH_HEAD

subtree pull
Already up-to-date.

From https://github.com/ECA18B/eca18c-nmisp-50-ChoHyeonDeok
 * branch            master     -> FETCH_HEAD

subtree pull
Already up-to-date.

From https://github.com/ECA18B/eca18b-nmisp-60-rrqweq53
 * branch            master     -> FETCH_HEAD

subtree pull
Already up-to-date.

From https://github.com/ECA18B/eca18b-nmisp-00-rrqweq53
 * branch            master     -> FETCH_HEAD

subtree pull
Already up-to-date.

From https://github.com/ECA18B/eca18b-nmisp-01-rrqweq53
 * branch            master     -> FETCH_HEAD

subtree pull
Already up-to-date.

From https://github.com/ECA18B/eca18b-nmisp-20-rrqweq53
 * branch            master     -> FETCH_HEAD

subtree pull
Already up-to-date.

From https://github.com/ECA18B/eca18b-nmisp-30-rrqweq53
 * branch            master     -> FETCH_HEAD

subtree pull
Already up-to-date.

From https://github.com/ECA18B/eca18b-nmisp-40-rrqweq53
 * branch            master     -> FETCH_HEAD

subtree pull
Already up-to-date.

From https://github.com/ECA18B/eca18b-nmisp-50-rrqweq53
 * branch            master     -> FETCH_HEAD

subtree pull
Already up-to-date.

From https://github.com/ECA18B/eca18b-nmisp-60-kingisme7
 * branch            master     -> FETCH_HEAD

subtree pull
Already up-to-date.

From https://github.com/ECA18B/eca18b-nmisp-00-kingisme7
 * branch            master     -> FETCH_HEAD

subtree pull
Already up-to-date.

From https://github.com/ECA18B/eca18b-nmisp-01-kingisme7
 * branch            master     -> FETCH_HEAD

subtree pull
Already up-to-date.

From https://github.com/ECA18B/eca18b-nmisp-20-kingisme7
 * branch            master     -> FETCH_HEAD

subtree pull
Already up-to-date.

From https://github.com/ECA18B/eca18b-nmisp-30-kingisme7
 * branch            master     -> FETCH_HEAD

subtree pull
Already up-to-date.

From https://github.com/ECA18B/eca18b-nmisp-40-kingisme7
 * branch            master     -> FETCH_HEAD

subtree pull
Already up-to-date.

From https://github.com/ECA18B/eca18c-nmisp-50-kingisme7
 * branch            master     -> FETCH_HEAD

subtree pull
Already up-to-date.

From https://github.com/ECA18B/eca18b-nmisp-60-seunghyeon-eca18b
 * branch            master     -> FETCH_HEAD

subtree pull
Already up-to-date.

From https://github.com/ECA18B/eca18b-nmisp-00-seunghyeon-eca18b
 * branch            master     -> FETCH_HEAD

subtree pull
Already up-to-date.

From https://github.com/ECA18B/eca18b-nmisp-00-seunghyeon-eca18b
 * branch            master     -> FETCH_HEAD

subtree pull
Already up-to-date.

From https://github.com/ECA18B/eca18b-nmisp-20-seunghyeon-eca18b
 * branch            master     -> FETCH_HEAD

subtree pull
Already up-to-date.

From https://github.com/ECA18B/eca18b-nmisp-30-seunghyeon-eca18b
 * branch            master     -> FETCH_HEAD

subtree pull
Already up-to-date.

From https://github.com/ECA18B/eca18b-nmisp-40-seunghyeon-eca18b
 * branch            master     -> FETCH_HEAD

subtree pull
Already up-to-date.

From https://github.com/ECA18B/eca18c-nmisp-50-seunghyeon-eca18b
 * branch            master     -> FETCH_HEAD

subtree pull
Already up-to-date.

From https://github.com/ECA18B/eca18b-nmisp-00-seojanghyeon
 * branch            master     -> FETCH_HEAD

subtree pull
Already up-to-date.

From https://github.com/ECA18B/eca18b-nmisp-01-seojanghyeon
 * branch            master     -> FETCH_HEAD

subtree pull
Already up-to-date.

From https://github.com/ECA18B/eca18b-nmisp-00-dlwns333
 * branch            master     -> FETCH_HEAD

subtree pull
Already up-to-date.

From https://github.com/ECA18B/eca18b-nmisp-01-dlwns333
 * branch            master     -> FETCH_HEAD

subtree pull
Already up-to-date.

From https://github.com/ECA18B/eca18b-nmisp-00-baehyeonji
 * branch            master     -> FETCH_HEAD

subtree pull
Already up-to-date.

From https://github.com/ECA18B/eca18b-nmisp-01-baehyeonji
 * branch            master     -> FETCH_HEAD

subtree pull
Already up-to-date.

From https://github.com/ECA18B/eca18b-nmisp-40-baehyeonji
 * branch            master     -> FETCH_HEAD

subtree pull
Already up-to-date.

From https://github.com/ECA18B/eca18b-nmisp-00-beyonding12
 * branch            master     -> FETCH_HEAD

subtree pull
Already up-to-date.

From https://github.com/ECA18B/eca18b-nmisp-60-Na-Young-Lee
 * branch            master     -> FETCH_HEAD

subtree pull
Already up-to-date.

From https://github.com/ECA18B/eca18b-nmisp-00-Na-Young-Lee
 * branch            master     -> FETCH_HEAD

subtree pull
Already up-to-date.

From https://github.com/ECA18B/eca18b-nmisp-01-Na-Young-Lee
 * branch            master     -> FETCH_HEAD

subtree pull
Already up-to-date.

From https://github.com/ECA18B/eca18b-nmisp-20-Na-Young-Lee
 * branch            master     -> FETCH_HEAD

subtree pull
Already up-to-date.

From https://github.com/ECA18B/eca18b-nmisp-30-Na-Young-Lee
 * branch            master     -> FETCH_HEAD

subtree pull
Already up-to-date.

From https://github.com/ECA18B/eca18b-nmisp-40-Na-Young-Lee
 * branch            master     -> FETCH_HEAD

subtree pull
Already up-to-date.

From https://github.com/ECA18B/eca18c-nmisp-50-Na-Young-Lee
 * branch            master     -> FETCH_HEAD

subtree pull
Already up-to-date.

From https://github.com/ECA18B/eca18b-nmisp-60-jerrydavidlee
 * branch            master     -> FETCH_HEAD

subtree pull
Already up-to-date.

From https://github.com/ECA18B/eca18b-nmisp-30-jerrydavidlee
 * branch            master     -> FETCH_HEAD

subtree pull
Already up-to-date.

From https://github.com/ECA18B/eca18b-nmisp-40-jerrydavidlee
 * branch            master     -> FETCH_HEAD

subtree pull
Already up-to-date.

From https://github.com/ECA18B/eca18b-nmisp-60-WooJLee
 * branch            master     -> FETCH_HEAD

subtree pull
Already up-to-date.

From https://github.com/ECA18B/eca18b-nmisp-00-WooJLee
 * branch            master     -> FETCH_HEAD

subtree pull
Already up-to-date.

From https://github.com/ECA18B/eca18b-nmisp-01-WooJLee
 * branch            master     -> FETCH_HEAD

subtree pull
Already up-to-date.

From https://github.com/ECA18B/eca18b-nmisp-20-WooJLee
 * branch            master     -> FETCH_HEAD

subtree pull
Already up-to-date.

From https://github.com/ECA18B/eca18b-nmisp-30-WooJLee
 * branch            master     -> FETCH_HEAD

subtree pull
Already up-to-date.

From https://github.com/ECA18B/eca18b-nmisp-40-WooJLee
 * branch            master     -> FETCH_HEAD

subtree pull
Already up-to-date.

From https://github.com/ECA18B/eca18b-nmisp-60-HanGiNa
 * branch            master     -> FETCH_HEAD

subtree pull
Already up-to-date.

From https://github.com/ECA18B/eca18b-nmisp-01-HanGiNa
 * branch            master     -> FETCH_HEAD

subtree pull
Already up-to-date.

From https://github.com/ECA18B/eca18b-nmisp-30-HanGiNa
 * branch            master     -> FETCH_HEAD

subtree pull
Already up-to-date.

From https://github.com/ECA18B/eca18b-nmisp-40-HanGiNa
 * branch            master     -> FETCH_HEAD

subtree pull
Already up-to-date.

From https://github.com/ECA18B/eca18b-nmisp-50-HanGiNa
 * branch            master     -> FETCH_HEAD

remote add eca18b_60
git remote -v
eca18b_00	https://kangwonlee@github.com/ECA18B/eca18b-nmisp-00-seonghyunJIn.git (fetch)
eca18b_00	https://kangwonlee@github.com/ECA18B/eca18b-nmisp-00-seonghyunJIn.git (push)
eca18b_10	https://kangwonlee@github.com/ECA18B/eca18b-nmisp-01-seonghyunJIn.git (fetch)
eca18b_10	https://kangwonlee@github.com/ECA18B/eca18b-nmisp-01-seonghyunJIn.git (push)
eca18b_20	https://kangwonlee@github.com/ECA18B/eca18b-nmisp-20-seonghyunJIn.git (fetch)
eca18b_20	https://kangwonlee@github.com/ECA18B/eca18b-nmisp-20-seonghyunJIn.git (push)
eca18b_40	https://kangwonlee@github.com/ECA18B/eca18b-nmisp-40-seonghyunJIn.git (fetch)
eca18b_40	https://kangwonlee@github.com/ECA18B/eca18b-nmisp-40-seonghyunJIn.git (push)
eca18b_50	https://kangwonlee@github.com/ECA18B/eca18c-nmisp-50-seonghyunJIn.git (fetch)
eca18b_50	https://kangwonlee@github.com/ECA18B/eca18c-nmisp-50-seonghyunJIn.git (push)
eca18b_60	https://kangwonlee@github.com/ECA18B/eca18b-nmisp-60-seonghyunJIn.git (fetch)
eca18b_60	https://kangwonlee@github.com/ECA18B/eca18b-nmisp-60-seonghyunJIn.git (push)

folder missing : /Users/programmer/Documents/Teaching/ECA/2018.09/Eval/eca18b_reposetman/participants/seonghyunJIn/eca18b_60
subtree add
git fetch eca18b_60 master

From https://github.com/ECA18B/eca18b-nmisp-60-seonghyunJIn
 * branch            master     -> FETCH_HEAD
 * [new branch]      master     -> eca18b_60/master
Added dir 'eca18b_60'

subtree pull
Already up-to-date.

From https://github.com/ECA18B/eca18b-nmisp-00-seonghyunJIn
 * branch            master     -> FETCH_HEAD

subtree pull
Already up-to-date.

From https://github.com/ECA18B/eca18b-nmisp-01-seonghyunJIn
 * branch            master     -> FETCH_HEAD

subtree pull
Already up-to-date.

From https://github.com/ECA18B/eca18b-nmisp-20-seonghyunJIn
 * branch            master     -> FETCH_HEAD

subtree pull
Already up-to-date.

From https://github.com/ECA18B/eca18b-nmisp-40-seonghyunJIn
 * branch            master     -> FETCH_HEAD

subtree pull
Already up-to-date.

From https://github.com/ECA18B/eca18c-nmisp-50-seonghyunJIn
 * branch            master     -> FETCH_HEAD

remote add eca18b_60
git remote -v
eca18b_00	https://kangwonlee@github.com/ECA18B/eca18b-nmisp-00-Bohyun-cpf18a.git (fetch)
eca18b_00	https://kangwonlee@github.com/ECA18B/eca18b-nmisp-00-Bohyun-cpf18a.git (push)
eca18b_10	https://kangwonlee@github.com/ECA18B/eca18b-nmisp-01-Bohyun-cpf18a.git (fetch)
eca18b_10	https://kangwonlee@github.com/ECA18B/eca18b-nmisp-01-Bohyun-cpf18a.git (push)
eca18b_20	https://kangwonlee@github.com/ECA18B/eca18b-nmisp-20-Bohyun-cpf18a.git (fetch)
eca18b_20	https://kangwonlee@github.com/ECA18B/eca18b-nmisp-20-Bohyun-cpf18a.git (push)
eca18b_30	https://kangwonlee@github.com/ECA18B/eca18b-nmisp-30-Bohyun-cpf18a.git (fetch)
eca18b_30	https://kangwonlee@github.com/ECA18B/eca18b-nmisp-30-Bohyun-cpf18a.git (push)
eca18b_50	https://kangwonlee@github.com/ECA18B/eca18b-nmisp-50-Bohyun-cpf18a.git (fetch)
eca18b_50	https://kangwonlee@github.com/ECA18B/eca18b-nmisp-50-Bohyun-cpf18a.git (push)
eca18b_60	https://kangwonlee@github.com/ECA18B/eca18b-nmisp-60-Bohyun-cpf18a.git (fetch)
eca18b_60	https://kangwonlee@github.com/ECA18B/eca18b-nmisp-60-Bohyun-cpf18a.git (push)

folder missing : /Users/programmer/Documents/Teaching/ECA/2018.09/Eval/eca18b_reposetman/participants/Bohyun-cpf18a/eca18b_60
subtree add
git fetch eca18b_60 master

From https://github.com/ECA18B/eca18b-nmisp-60-Bohyun-cpf18a
 * branch            master     -> FETCH_HEAD
 * [new branch]      master     -> eca18b_60/master
Added dir 'eca18b_60'

subtree pull
Already up-to-date.

From https://github.com/ECA18B/eca18b-nmisp-00-Bohyun-cpf18a
 * branch            master     -> FETCH_HEAD

subtree pull
Already up-to-date.

From https://github.com/ECA18B/eca18b-nmisp-01-Bohyun-cpf18a
 * branch            master     -> FETCH_HEAD

subtree pull
Already up-to-date.

From https://github.com/ECA18B/eca18b-nmisp-20-Bohyun-cpf18a
 * branch            master     -> FETCH_HEAD

subtree pull
Already up-to-date.

From https://github.com/ECA18B/eca18b-nmisp-30-Bohyun-cpf18a
 * branch            master     -> FETCH_HEAD

subtree pull
Already up-to-date.

From https://github.com/ECA18B/eca18b-nmisp-50-Bohyun-cpf18a
 * branch            master     -> FETCH_HEAD

subtree pull
Already up-to-date.

From https://github.com/ECA18B/eca18b-nmisp-00-Taeyoung-cpf18c
 * branch            master     -> FETCH_HEAD

subtree pull
Already up-to-date.

From https://github.com/ECA18B/eca18b-nmisp-01-TaeyoungJeong
 * branch            master     -> FETCH_HEAD

subtree pull
Already up-to-date.

From https://github.com/ECA18B/eca18b-nmisp-60-rkd0797
 * branch            master     -> FETCH_HEAD

subtree pull
Already up-to-date.

From https://github.com/ECA18B/eca18b-nmisp-00-rkd0797
 * branch            master     -> FETCH_HEAD

subtree pull
Already up-to-date.

From https://github.com/ECA18B/eca18b-nmisp-01-rkd0797
 * branch            master     -> FETCH_HEAD

subtree pull
Already up-to-date.

From https://github.com/ECA18B/eca18b-nmisp-20-rkd0797
 * branch            master     -> FETCH_HEAD

subtree pull
Already up-to-date.

From https://github.com/ECA18B/eca18b-nmisp-30-rkd0797
 * branch            master     -> FETCH_HEAD

subtree pull
Already up-to-date.

From https://github.com/ECA18B/eca18b-nmisp-40-rkd0797
 * branch            master     -> FETCH_HEAD

subtree pull
Already up-to-date.

From https://github.com/ECA18B/eca18c-nmisp-50-rkd0797
 * branch            master     -> FETCH_HEAD

subtree pull
Already up-to-date.

From https://github.com/ECA18B/eca18b-nmisp-60-2jaejin
 * branch            master     -> FETCH_HEAD

subtree pull
Already up-to-date.

From https://github.com/ECA18B/eca18b-nmisp-00-2jaejin
 * branch            master     -> FETCH_HEAD

subtree pull
Already up-to-date.

From https://github.com/ECA18B/eca18b-nmisp-01-2jaejin
 * branch            master     -> FETCH_HEAD

subtree pull
Already up-to-date.

From https://github.com/ECA18B/eca18b-nmisp-20-2jaejin
 * branch            master     -> FETCH_HEAD

subtree pull
Already up-to-date.

From https://github.com/ECA18B/eca18b-nmisp-30-2jaejin
 * branch            master     -> FETCH_HEAD

subtree pull
Already up-to-date.

From https://github.com/ECA18B/eca18b-nmisp-40-2jaejin
 * branch            master     -> FETCH_HEAD

subtree pull
Already up-to-date.

From https://github.com/ECA18B/eca18c-nmisp-50-2jaejin
 * branch            master     -> FETCH_HEAD

subtree pull
Already up-to-date.

From https://github.com/ECA18B/eca18b-nmisp-60-jeapilbyeon
 * branch            master     -> FETCH_HEAD

subtree pull
Already up-to-date.

From https://github.com/ECA18B/eca18b-nmisp-00-jeapilbyeon
 * branch            master     -> FETCH_HEAD

subtree pull
Already up-to-date.

From https://github.com/ECA18B/eca18b-nmisp-01-jeapilbyeon
 * branch            master     -> FETCH_HEAD

subtree pull
Already up-to-date.

From https://github.com/ECA18B/eca18b-nmisp-20-jeapilbyeon
 * branch            master     -> FETCH_HEAD

subtree pull
Already up-to-date.

From https://github.com/ECA18B/eca18b-nmisp-30-jeapilbyeon
 * branch            master     -> FETCH_HEAD

subtree pull
Already up-to-date.

From https://github.com/ECA18B/eca18b-nmisp-40-jeapilbyeon
 * branch            master     -> FETCH_HEAD

subtree pull
Already up-to-date.

From https://github.com/ECA18B/eca18c-nmisp-50-jeapilbyeon
 * branch            master     -> FETCH_HEAD

subtree pull
Already up-to-date.

From https://github.com/ECA18B/eca18b-nmisp-60-MunYoonKyung
 * branch            master     -> FETCH_HEAD

subtree pull
Already up-to-date.

From https://github.com/ECA18B/eca18b-nmisp-00-MunYoonKyung
 * branch            master     -> FETCH_HEAD

subtree pull
Already up-to-date.

From https://github.com/ECA18B/eca18b-nmisp-01-MunYoonKyung
 * branch            master     -> FETCH_HEAD

subtree pull
Already up-to-date.

From https://github.com/ECA18B/eca18b-nmisp-20-MunYoonKyung
 * branch            master     -> FETCH_HEAD

subtree pull
Already up-to-date.

From https://github.com/ECA18B/eca18b-nmisp-30-MunYoonKyung
 * branch            master     -> FETCH_HEAD

subtree pull
Already up-to-date.

From https://github.com/ECA18B/eca18b-nmisp-40-MunYoonKyung
 * branch            master     -> FETCH_HEAD

subtree pull
Already up-to-date.

From https://github.com/ECA18B/eca18b-nmisp-50-MunYoonKyung
 * branch            master     -> FETCH_HEAD

subtree pull
Already up-to-date.

From https://github.com/ECA18B/eca18b-nmisp-00-qkrwhdrud
 * branch            master     -> FETCH_HEAD

subtree pull
Already up-to-date.

From https://github.com/ECA18B/eca18b-nmisp-01-qkrwhdrud
 * branch            master     -> FETCH_HEAD

subtree pull
Already up-to-date.

From https://github.com/ECA18B/eca18b-nmisp-20-qkrwhdrud
 * branch            master     -> FETCH_HEAD

subtree pull
Already up-to-date.

From https://github.com/ECA18B/eca18b-nmisp-30-qkrwhdrud
 * branch            master     -> FETCH_HEAD

subtree pull
Already up-to-date.

From https://github.com/ECA18B/eca18b-nmisp-00-SungYoungHoon
 * branch            master     -> FETCH_HEAD

subtree pull
Already up-to-date.

From https://github.com/ECA18B/eca18b-nmisp-01-SungYoungHoon
 * branch            master     -> FETCH_HEAD

subtree pull
Already up-to-date.

From https://github.com/ECA18B/eca18b-nmisp-20-SungYoungHoon
 * branch            master     -> FETCH_HEAD

subtree pull
Already up-to-date.

From https://github.com/ECA18B/eca18b-nmisp-30-SungYoungHoon
 * branch            master     -> FETCH_HEAD

subtree pull
Already up-to-date.

From https://github.com/ECA18B/eca18b-nmisp-40-SungYoungHoon
 * branch            master     -> FETCH_HEAD

'init_or_update_umbrella_repos' 74.7962 (sec)
@timeit : starting 'generate_reports' 
@timeit : starting 'count_commits' 
RepoEvalCountOneCommitLog.eval_repo( 3) start: name=JYK1446
RepoEvalCountOneCommitLog.eval_repo( 3) end: name=JYK1446 (0.065877 sec)
RepoEvalCountOneCommitLog.eval_repo( 4) start: name=Na-Young-Lee
RepoEvalCountOneCommitLog.eval_repo( 4) end: name=Na-Young-Lee (0.110124 sec)
RepoEvalCountOneCommitLog.eval_repo( 7) start: name=rrqweq53
RepoEvalCountOneCommitLog.eval_repo( 7) end: name=rrqweq53 (0.0956051 sec)
RepoEvalCountOneCommitLog.eval_repo(12) start: name=suntakkweon
RepoEvalCountOneCommitLog.eval_repo(12) end: name=suntakkweon (0.0426419 sec)
RepoEvalCountOneCommitLog.eval_repo(13) start: name=inhovation37
RepoEvalCountOneCommitLog.eval_repo(13) end: name=inhovation37 (0.039428 sec)
RepoEvalCountOneCommitLog.eval_repo(15) start: name=MunYoonKyung
RepoEvalCountOneCommitLog.eval_repo(15) end: name=MunYoonKyung (0.0600839 sec)
RepoEvalCountOneCommitLog.eval_repo(18) start: name=seojanghyeon
RepoEvalCountOneCommitLog.eval_repo(18) end: name=seojanghyeon (0.0174341 sec)
RepoEvalCountOneCommitLog.eval_repo(20) start: name=ohbongkwon
RepoEvalCountOneCommitLog.eval_repo(20) end: name=ohbongkwon (0.0289021 sec)
RepoEvalCountOneCommitLog.eval_repo(24) start: name=baehyeonji
RepoEvalCountOneCommitLog.eval_repo(24) end: name=baehyeonji (0.037245 sec)
RepoEvalCountOneCommitLog.eval_repo( 0) start: name=rkd0797
RepoEvalCountOneCommitLog.eval_repo( 0) end: name=rkd0797 (0.226626 sec)
RepoEvalCountOneCommitLog.eval_repo( 9) start: name=HanGiNa
RepoEvalCountOneCommitLog.eval_repo( 9) end: name=HanGiNa (0.0356431 sec)
RepoEvalCountOneCommitLog.eval_repo(11) start: name=seunghyeon-eca18b
RepoEvalCountOneCommitLog.eval_repo(11) end: name=seunghyeon-eca18b (0.108708 sec)
RepoEvalCountOneCommitLog.eval_repo(16) start: name=seonghyunJIn
RepoEvalCountOneCommitLog.eval_repo(16) end: name=seonghyunJIn (0.056916 sec)
RepoEvalCountOneCommitLog.eval_repo(19) start: name=dlwns333
RepoEvalCountOneCommitLog.eval_repo(19) end: name=dlwns333 (0.0201061 sec)
RepoEvalCountOneCommitLog.eval_repo(22) start: name=qkrwhdrud
RepoEvalCountOneCommitLog.eval_repo(22) end: name=qkrwhdrud (0.0308828 sec)
RepoEvalCountOneCommitLog.eval_repo(25) start: name=beyonding12
RepoEvalCountOneCommitLog.eval_repo(25) end: name=beyonding12 (0.0124898 sec)
RepoEvalCountOneCommitLog.eval_repo(26) start: name=Taeyoung-cpf18c
RepoEvalCountOneCommitLog.eval_repo(26) end: name=Taeyoung-cpf18c (0.0136313 sec)
RepoEvalCountOneCommitLog.eval_repo( 1) start: name=2jaejin
RepoEvalCountOneCommitLog.eval_repo( 1) end: name=2jaejin (0.350786 sec)
RepoEvalCountOneCommitLog.eval_repo(14) start: name=jeapilbyeon
RepoEvalCountOneCommitLog.eval_repo(14) end: name=jeapilbyeon (0.0931201 sec)
RepoEvalCountOneCommitLog.eval_repo(21) start: name=rlaehdwn66
RepoEvalCountOneCommitLog.eval_repo(21) end: name=rlaehdwn66 (0.0143461 sec)
RepoEvalCountOneCommitLog.eval_repo(23) start: name=SungYoungHoon
RepoEvalCountOneCommitLog.eval_repo(23) end: name=SungYoungHoon (0.0356779 sec)
RepoEvalCountOneCommitLog.eval_repo(27) start: name=TaeyoungJeong
RepoEvalCountOneCommitLog.eval_repo(27) end: name=TaeyoungJeong (0.0133111 sec)
RepoEvalCountOneCommitLog.eval_repo( 2) start: name=ljk941219
RepoEvalCountOneCommitLog.eval_repo( 2) end: name=ljk941219 (0.0845139 sec)
RepoEvalCountOneCommitLog.eval_repo( 5) start: name=jerrydavidlee
RepoEvalCountOneCommitLog.eval_repo( 5) end: name=jerrydavidlee (0.0682681 sec)
RepoEvalCountOneCommitLog.eval_repo( 6) start: name=ChoHyeonDeok
RepoEvalCountOneCommitLog.eval_repo( 6) end: name=ChoHyeonDeok (0.0556059 sec)
RepoEvalCountOneCommitLog.eval_repo( 8) start: name=WooJLee
RepoEvalCountOneCommitLog.eval_repo( 8) end: name=WooJLee (0.0378239 sec)
RepoEvalCountOneCommitLog.eval_repo(10) start: name=kingisme7
RepoEvalCountOneCommitLog.eval_repo(10) end: name=kingisme7 (0.140528 sec)
RepoEvalCountOneCommitLog.eval_repo(17) start: name=Bohyun-cpf18a
RepoEvalCountOneCommitLog.eval_repo(17) end: name=Bohyun-cpf18a (0.142042 sec)
@timeit : starting 'write_tables' 
'write_tables' 0.013046 (sec)
'count_commits' 0.645008 (sec)
'generate_reports' 0.645075 (sec)
'main' 75.4487 (sec)
